<?xml version="1.0" encoding="UTF-8"?>
<testsuite xmlns:xsi="http://www.w3.org/2001/XMLSchema-instance" xsi:noNamespaceSchemaLocation="https://maven.apache.org/surefire/maven-surefire-plugin/xsd/surefire-test-report-3.0.xsd" version="3.0" name="com.victxl.curso.CursoApplicationTests" time="12.201" tests="1" errors="0" skipped="0" failures="0">
  <properties>
[...]
</properties>
  <testcase name="contextLoads" classname="com.victxl.curso.CursoApplicationTests" time="0.806">
    <system-out><![CDATA[22:58:07.958 [main] INFO org.springframework.test.context.support.AnnotationConfigContextLoaderUtils -- Could not detect default configuration classes for test class [com.victxl.curso.CursoApplicationTests]: CursoApplicationTests does not declare any static, non-private, non-final, nested classes annotated with @Configuration.
22:58:08.116 [main] INFO org.springframework.boot.test.context.SpringBootTestContextBootstrapper -- Found @SpringBootConfiguration com.victxl.curso.CursoApplication for test class com.victxl.curso.CursoApplicationTests

  .   ____          _            __ _ _
 /\\ / ___'_ __ _ _(_)_ __  __ _ \ \ \ \
( ( )\___ | '_ | '_| | '_ \/ _` | \ \ \ \
 \\/  ___)| |_)| | | | | || (_| |  ) ) ) )
  '  |____| .__|_| |_|_| |_\__, | / / / /
 =========|_|==============|___/=/_/_/_/
 :: Spring Boot ::                (v3.2.5)

2024-05-02T22:58:09.181-03:00  INFO 8456 --- [           main] com.victxl.curso.CursoApplicationTests   : Starting CursoApplicationTests using Java 22.0.1 with PID 8456 (started by Victor in C:\Users\Victor\Documents\Java\Curso de Java\Udemy\ProjetosSpring\curso)
2024-05-02T22:58:09.182-03:00  INFO 8456 --- [           main] com.victxl.curso.CursoApplicationTests   : The following 1 profile is active: "test"
2024-05-02T22:58:10.343-03:00  INFO 8456 --- [           main] .s.d.r.c.RepositoryConfigurationDelegate : Bootstrapping Spring Data JPA repositories in DEFAULT mode.
2024-05-02T22:58:10.447-03:00  INFO 8456 --- [           main] .s.d.r.c.RepositoryConfigurationDelegate : Finished Spring Data repository scanning in 89 ms. Found 5 JPA repository interfaces.
2024-05-02T22:58:11.228-03:00  INFO 8456 --- [           main] com.zaxxer.hikari.HikariDataSource       : HikariPool-1 - Starting...
2024-05-02T22:58:11.582-03:00  INFO 8456 --- [           main] com.zaxxer.hikari.pool.HikariPool        : HikariPool-1 - Added connection conn0: url=jdbc:h2:mem:testdb user=SA
2024-05-02T22:58:11.584-03:00  INFO 8456 --- [           main] com.zaxxer.hikari.HikariDataSource       : HikariPool-1 - Start completed.
2024-05-02T22:58:11.660-03:00  INFO 8456 --- [           main] o.hibernate.jpa.internal.util.LogHelper  : HHH000204: Processing PersistenceUnitInfo [name: default]
2024-05-02T22:58:11.849-03:00  INFO 8456 --- [           main] org.hibernate.Version                    : HHH000412: Hibernate ORM core version 6.4.4.Final
2024-05-02T22:58:11.931-03:00  INFO 8456 --- [           main] o.h.c.internal.RegionFactoryInitiator    : HHH000026: Second-level cache disabled
2024-05-02T22:58:12.417-03:00  INFO 8456 --- [           main] o.s.o.j.p.SpringPersistenceUnitInfo      : No LoadTimeWeaver setup: ignoring JPA class transformer
2024-05-02T22:58:12.500-03:00  WARN 8456 --- [           main] org.hibernate.orm.deprecation            : HHH90000025: H2Dialect does not need to be specified explicitly using 'hibernate.dialect' (remove the property setting and it will be selected by default)
2024-05-02T22:58:15.105-03:00  INFO 8456 --- [           main] o.h.e.t.j.p.i.JtaPlatformInitiator       : HHH000489: No JTA platform available (set 'hibernate.transaction.jta.platform' to enable JTA platform integration)
Hibernate: 
    drop table if exists categoria cascade 
Hibernate: 
    drop table if exists item_pedido cascade 
Hibernate: 
    drop table if exists pagamento cascade 
Hibernate: 
    drop table if exists pedido cascade 
Hibernate: 
    drop table if exists produto cascade 
Hibernate: 
    drop table if exists produto_categoria cascade 
Hibernate: 
    drop table if exists usuario cascade 
Hibernate: 
    create table categoria (
        id bigint generated by default as identity,
        nome varchar(255),
        primary key (id)
    )
Hibernate: 
    create table item_pedido (
        preco float(53) not null,
        quantidade integer not null,
        id_pedido bigint not null,
        id_produto bigint not null,
        primary key (id_pedido, id_produto)
    )
Hibernate: 
    create table pagamento (
        momento timestamp(6) with time zone,
        pedido_id bigint not null,
        primary key (pedido_id)
    )
Hibernate: 
    create table pedido (
        status_pedido integer,
        id bigint generated by default as identity,
        id_cliente bigint,
        momento timestamp(6) with time zone,
        primary key (id)
    )
Hibernate: 
    create table produto (
        preco float(53),
        id bigint generated by default as identity,
        descricao varchar(255),
        imagem varchar(255),
        nome varchar(255),
        primary key (id)
    )
Hibernate: 
    create table produto_categoria (
        id_categoria bigint not null,
        id_produto bigint not null,
        primary key (id_categoria, id_produto)
    )
Hibernate: 
    create table usuario (
        id bigint generated by default as identity,
        email varchar(255),
        nome varchar(255),
        senha varchar(255),
        telefone varchar(255),
        primary key (id)
    )
Hibernate: 
    alter table if exists item_pedido 
       add constraint FKki3qccy81pmw8g85eo5q34rc6 
       foreign key (id_produto) 
       references pedido
Hibernate: 
    alter table if exists item_pedido 
       add constraint FK2jgw8tddykqwohd56eme1v56j 
       foreign key (id_pedido) 
       references produto
Hibernate: 
    alter table if exists pagamento 
       add constraint FKthad9tkw4188hb3qo1lm5ueb0 
       foreign key (pedido_id) 
       references pedido
Hibernate: 
    alter table if exists pedido 
       add constraint FK48929k2o7euot8lws254925op 
       foreign key (id_cliente) 
       references usuario
Hibernate: 
    alter table if exists produto_categoria 
       add constraint FK7w4lfcoga9id6t8qnksuntr8x 
       foreign key (id_categoria) 
       references categoria
Hibernate: 
    alter table if exists produto_categoria 
       add constraint FKemku9l38evdgoufg806728kcf 
       foreign key (id_produto) 
       references produto
2024-05-02T22:58:15.227-03:00  INFO 8456 --- [           main] j.LocalContainerEntityManagerFactoryBean : Initialized JPA EntityManagerFactory for persistence unit 'default'
2024-05-02T22:58:18.248-03:00  INFO 8456 --- [           main] o.s.b.a.h2.H2ConsoleAutoConfiguration    : H2 console available at '/h2-console'. Database available at 'jdbc:h2:mem:testdb'
2024-05-02T22:58:18.348-03:00  INFO 8456 --- [           main] com.victxl.curso.CursoApplicationTests   : Started CursoApplicationTests in 9.724 seconds (process running for 11.426)
Hibernate: 
    insert 
    into
        categoria
        (nome, id) 
    values
        (?, default)
Hibernate: 
    insert 
    into
        categoria
        (nome, id) 
    values
        (?, default)
Hibernate: 
    insert 
    into
        categoria
        (nome, id) 
    values
        (?, default)
Hibernate: 
    insert 
    into
        usuario
        (email, nome, senha, telefone, id) 
    values
        (?, ?, ?, ?, default)
Hibernate: 
    insert 
    into
        usuario
        (email, nome, senha, telefone, id) 
    values
        (?, ?, ?, ?, default)
Hibernate: 
    insert 
    into
        usuario
        (email, nome, senha, telefone, id) 
    values
        (?, ?, ?, ?, default)
Hibernate: 
    insert 
    into
        pedido
        (id_cliente, momento, status_pedido, id) 
    values
        (?, ?, ?, default)
Hibernate: 
    insert 
    into
        pedido
        (id_cliente, momento, status_pedido, id) 
    values
        (?, ?, ?, default)
Hibernate: 
    insert 
    into
        pedido
        (id_cliente, momento, status_pedido, id) 
    values
        (?, ?, ?, default)
Hibernate: 
    insert 
    into
        produto
        (descricao, imagem, nome, preco, id) 
    values
        (?, ?, ?, ?, default)
Hibernate: 
    insert 
    into
        produto
        (descricao, imagem, nome, preco, id) 
    values
        (?, ?, ?, ?, default)
Hibernate: 
    insert 
    into
        produto
        (descricao, imagem, nome, preco, id) 
    values
        (?, ?, ?, ?, default)
Hibernate: 
    insert 
    into
        produto
        (descricao, imagem, nome, preco, id) 
    values
        (?, ?, ?, ?, default)
Hibernate: 
    insert 
    into
        produto
        (descricao, imagem, nome, preco, id) 
    values
        (?, ?, ?, ?, default)
Hibernate: 
    select
        p1_0.id,
        p1_0.descricao,
        p1_0.imagem,
        p1_0.nome,
        p1_0.preco 
    from
        produto p1_0 
    where
        p1_0.id=?
Hibernate: 
    select
        c1_0.id_produto,
        c1_1.id,
        c1_1.nome 
    from
        produto_categoria c1_0 
    join
        categoria c1_1 
            on c1_1.id=c1_0.id_categoria 
    where
        c1_0.id_produto=?
Hibernate: 
    select
        c1_0.id,
        c1_0.nome 
    from
        categoria c1_0 
    where
        c1_0.id=?
Hibernate: 
    select
        p1_0.id,
        p1_0.descricao,
        p1_0.imagem,
        p1_0.nome,
        p1_0.preco 
    from
        produto p1_0 
    where
        p1_0.id=?
Hibernate: 
    select
        c1_0.id_produto,
        c1_1.id,
        c1_1.nome 
    from
        produto_categoria c1_0 
    join
        categoria c1_1 
            on c1_1.id=c1_0.id_categoria 
    where
        c1_0.id_produto=?
Hibernate: 
    select
        c1_0.id,
        c1_0.nome 
    from
        categoria c1_0 
    where
        c1_0.id=?
Hibernate: 
    select
        p1_0.id,
        p1_0.descricao,
        p1_0.imagem,
        p1_0.nome,
        p1_0.preco 
    from
        produto p1_0 
    where
        p1_0.id=?
Hibernate: 
    select
        c1_0.id_produto,
        c1_1.id,
        c1_1.nome 
    from
        produto_categoria c1_0 
    join
        categoria c1_1 
            on c1_1.id=c1_0.id_categoria 
    where
        c1_0.id_produto=?
Hibernate: 
    select
        c1_0.id,
        c1_0.nome 
    from
        categoria c1_0 
    where
        c1_0.id=?
Hibernate: 
    select
        p1_0.id,
        p1_0.descricao,
        p1_0.imagem,
        p1_0.nome,
        p1_0.preco 
    from
        produto p1_0 
    where
        p1_0.id=?
Hibernate: 
    select
        c1_0.id_produto,
        c1_1.id,
        c1_1.nome 
    from
        produto_categoria c1_0 
    join
        categoria c1_1 
            on c1_1.id=c1_0.id_categoria 
    where
        c1_0.id_produto=?
Hibernate: 
    select
        p1_0.id,
        p1_0.descricao,
        p1_0.imagem,
        p1_0.nome,
        p1_0.preco 
    from
        produto p1_0 
    where
        p1_0.id=?
Hibernate: 
    select
        c1_0.id_produto,
        c1_1.id,
        c1_1.nome 
    from
        produto_categoria c1_0 
    join
        categoria c1_1 
            on c1_1.id=c1_0.id_categoria 
    where
        c1_0.id_produto=?
Hibernate: 
    insert 
    into
        produto_categoria
        (id_produto, id_categoria) 
    values
        (?, ?)
Hibernate: 
    insert 
    into
        produto_categoria
        (id_produto, id_categoria) 
    values
        (?, ?)
Hibernate: 
    insert 
    into
        produto_categoria
        (id_produto, id_categoria) 
    values
        (?, ?)
Hibernate: 
    insert 
    into
        produto_categoria
        (id_produto, id_categoria) 
    values
        (?, ?)
Hibernate: 
    insert 
    into
        produto_categoria
        (id_produto, id_categoria) 
    values
        (?, ?)
Hibernate: 
    select
        ip1_0.id_produto,
        p1_0.id,
        c1_0.id,
        c1_0.email,
        c1_0.nome,
        c1_0.senha,
        c1_0.telefone,
        p1_0.momento,
        p2_0.pedido_id,
        p2_0.momento,
        p1_0.status_pedido,
        ip1_0.id_pedido,
        p4_0.id,
        p4_0.descricao,
        p4_0.imagem,
        p4_0.nome,
        p4_0.preco,
        ip1_0.preco,
        ip1_0.quantidade 
    from
        item_pedido ip1_0 
    left join
        pedido p1_0 
            on p1_0.id=ip1_0.id_produto 
    left join
        usuario c1_0 
            on c1_0.id=p1_0.id_cliente 
    left join
        pagamento p2_0 
            on p1_0.id=p2_0.pedido_id 
    left join
        produto p4_0 
            on p4_0.id=ip1_0.id_pedido 
    where
        (
            ip1_0.id_produto, ip1_0.id_pedido
        ) in ((?, ?))
Hibernate: 
    select
        ip1_0.id_produto,
        p1_0.id,
        c1_0.id,
        c1_0.email,
        c1_0.nome,
        c1_0.senha,
        c1_0.telefone,
        p1_0.momento,
        p2_0.pedido_id,
        p2_0.momento,
        p1_0.status_pedido,
        ip1_0.id_pedido,
        p4_0.id,
        p4_0.descricao,
        p4_0.imagem,
        p4_0.nome,
        p4_0.preco,
        ip1_0.preco,
        ip1_0.quantidade 
    from
        item_pedido ip1_0 
    left join
        pedido p1_0 
            on p1_0.id=ip1_0.id_produto 
    left join
        usuario c1_0 
            on c1_0.id=p1_0.id_cliente 
    left join
        pagamento p2_0 
            on p1_0.id=p2_0.pedido_id 
    left join
        produto p4_0 
            on p4_0.id=ip1_0.id_pedido 
    where
        (
            ip1_0.id_produto, ip1_0.id_pedido
        ) in ((?, ?))
Hibernate: 
    select
        ip1_0.id_produto,
        p1_0.id,
        c1_0.id,
        c1_0.email,
        c1_0.nome,
        c1_0.senha,
        c1_0.telefone,
        p1_0.momento,
        p2_0.pedido_id,
        p2_0.momento,
        p1_0.status_pedido,
        ip1_0.id_pedido,
        p4_0.id,
        p4_0.descricao,
        p4_0.imagem,
        p4_0.nome,
        p4_0.preco,
        ip1_0.preco,
        ip1_0.quantidade 
    from
        item_pedido ip1_0 
    left join
        pedido p1_0 
            on p1_0.id=ip1_0.id_produto 
    left join
        usuario c1_0 
            on c1_0.id=p1_0.id_cliente 
    left join
        pagamento p2_0 
            on p1_0.id=p2_0.pedido_id 
    left join
        produto p4_0 
            on p4_0.id=ip1_0.id_pedido 
    where
        (
            ip1_0.id_produto, ip1_0.id_pedido
        ) in ((?, ?))
Hibernate: 
    select
        ip1_0.id_produto,
        p1_0.id,
        c1_0.id,
        c1_0.email,
        c1_0.nome,
        c1_0.senha,
        c1_0.telefone,
        p1_0.momento,
        p2_0.pedido_id,
        p2_0.momento,
        p1_0.status_pedido,
        ip1_0.id_pedido,
        p4_0.id,
        p4_0.descricao,
        p4_0.imagem,
        p4_0.nome,
        p4_0.preco,
        ip1_0.preco,
        ip1_0.quantidade 
    from
        item_pedido ip1_0 
    left join
        pedido p1_0 
            on p1_0.id=ip1_0.id_produto 
    left join
        usuario c1_0 
            on c1_0.id=p1_0.id_cliente 
    left join
        pagamento p2_0 
            on p1_0.id=p2_0.pedido_id 
    left join
        produto p4_0 
            on p4_0.id=ip1_0.id_pedido 
    where
        (
            ip1_0.id_produto, ip1_0.id_pedido
        ) in ((?, ?))
Hibernate: 
    insert 
    into
        item_pedido
        (preco, quantidade, id_produto, id_pedido) 
    values
        (?, ?, ?, ?)
Hibernate: 
    insert 
    into
        item_pedido
        (preco, quantidade, id_produto, id_pedido) 
    values
        (?, ?, ?, ?)
Hibernate: 
    insert 
    into
        item_pedido
        (preco, quantidade, id_produto, id_pedido) 
    values
        (?, ?, ?, ?)
Hibernate: 
    insert 
    into
        item_pedido
        (preco, quantidade, id_produto, id_pedido) 
    values
        (?, ?, ?, ?)
Hibernate: 
    select
        p1_0.id,
        c1_0.id,
        c1_0.email,
        c1_0.nome,
        c1_0.senha,
        c1_0.telefone,
        p1_0.momento,
        p2_0.pedido_id,
        p2_0.momento,
        p1_0.status_pedido 
    from
        pedido p1_0 
    left join
        usuario c1_0 
            on c1_0.id=p1_0.id_cliente 
    left join
        pagamento p2_0 
            on p1_0.id=p2_0.pedido_id 
    where
        p1_0.id=?
Hibernate: 
    insert 
    into
        pagamento
        (momento, pedido_id) 
    values
        (?, ?)
]]></system-out>
    <system-err><![CDATA[WARNING: A Java agent has been loaded dynamically (C:\Users\Victor\.m2\repository\net\bytebuddy\byte-buddy-agent\1.14.13\byte-buddy-agent-1.14.13.jar)
WARNING: If a serviceability tool is in use, please run with -XX:+EnableDynamicAgentLoading to hide this warning
WARNING: If a serviceability tool is not in use, please run with -Djdk.instrument.traceUsage for more information
WARNING: Dynamic loading of agents will be disallowed by default in a future release
]]></system-err>
  </testcase>
</testsuite>